Arguments: 
  /home/hayek/.nvm/versions/node/v14.19.0/bin/node /home/hayek/.nvm/versions/node/v14.19.0/bin/yarn add @openzeppelin

PATH: 
  /home/hayek/.nvm/versions/node/v14.19.0/bin:/usr/local/sbin:/usr/local/bin:/usr/sbin:/usr/bin:/sbin:/bin:/usr/games:/usr/local/games:/snap/bin:/home/hayek/.local/bin

Yarn version: 
  1.22.17

Node version: 
  14.19.0

Platform: 
  linux x64

Trace: 
  Error: https://registry.yarnpkg.com/@openzeppelin: Request "https://registry.yarnpkg.com/@openzeppelin" returned a 405
      at Request.params.callback [as _callback] (/home/hayek/.nvm/versions/node/v14.19.0/lib/node_modules/yarn/lib/cli.js:67038:18)
      at Request.self.callback (/home/hayek/.nvm/versions/node/v14.19.0/lib/node_modules/yarn/lib/cli.js:140883:22)
      at Request.emit (events.js:400:28)
      at Request.<anonymous> (/home/hayek/.nvm/versions/node/v14.19.0/lib/node_modules/yarn/lib/cli.js:141855:10)
      at Request.emit (events.js:400:28)
      at IncomingMessage.<anonymous> (/home/hayek/.nvm/versions/node/v14.19.0/lib/node_modules/yarn/lib/cli.js:141777:12)
      at Object.onceWrapper (events.js:519:28)
      at IncomingMessage.emit (events.js:412:35)
      at endReadableNT (internal/streams/readable.js:1334:12)
      at processTicksAndRejections (internal/process/task_queues.js:82:21)

npm manifest: 
  No manifest

yarn manifest: 
  No manifest

Lockfile: 
  No lockfile
